2025-07-13 16:52:26.432358 | [93mRunning on: ubuntu[0m
2025-07-13 16:52:30.709784 | [94mStarting interactive install...[0m
2025-07-13 16:52:36.512382 | [92m[✓] Installed: curl[0m
2025-07-13 16:52:46.489122 | [92m[✓] Installed: nmap[0m
2025-07-13 17:02:32.471184 | [93mRunning on: ubuntu[0m
2025-07-13 17:02:34.479037 | [94mStarting interactive install...[0m
2025-07-13 17:07:58.314528 | [93mRunning on: ubuntu[0m
2025-07-13 17:08:00.412581 | [94mStarting interactive install...[0m
2025-07-13 17:08:16.510838 | [91m[✗] Failed: python3-pip — E: Failed to fetch http://security.ubuntu.com/ubuntu/pool/main/l/linux/linux-libc-dev_6.8.0-60.63_amd64.deb  404  Not Found [IP: 91.189.91.81 80]
E: Failed to fetch http://security.ubuntu.com/ubuntu/pool/main/p/python3.12/libpython3.12-dev_3.12.3-1ubuntu0.5_amd64.deb  404  Not Found [IP: 91.189.91.81 80]
E: Failed to fetch http://security.ubuntu.com/ubuntu/pool/main/p/python3.12/python3.12-dev_3.12.3-1ubuntu0.5_amd64.deb  404  Not Found [IP: 91.189.91.81 80]
E: Failed to fetch http://security.ubuntu.com/ubuntu/pool/universe/p/python-pip/python3-pip_24.0%2bdfsg-1ubuntu1.1_all.deb  404  Not Found [IP: 91.189.91.81 80]
E: Unable to fetch some archives, maybe run apt-get update or try with --fix-missing?[0m
2025-07-13 17:08:26.629717 | [93mRolling back previously installed packages...[0m
2025-07-13 17:08:27.795633 | [93mRolled back: curl[0m
2025-07-13 17:08:29.069713 | [93mRolled back: nmap[0m
2025-07-13 17:17:35.089235 | [36mDetected OS: ubuntu[0m
2025-07-13 17:17:45.358597 | [32m[✓] Installed: curl[0m
2025-07-13 17:17:48.185431 | [36m[i] Already installed: git[0m
2025-07-13 17:17:49.710335 | [36m[i] Already installed: vim[0m
2025-07-13 17:17:50.683177 | [36m[i] Already installed: htop[0m
2025-07-13 17:17:53.577505 | [32m[✓] Installed: nmap[0m
2025-07-13 17:17:55.428404 | [32m[✓] Installed: net-tools[0m
2025-07-13 17:17:59.043030 | [32m[✓] Installed: traceroute[0m
2025-07-13 17:18:01.235391 | [32m[✓] Installed: build-essential[0m
2025-07-13 17:18:02.216416 | [36m[i] Already installed: python3[0m
2025-07-13 17:18:04.207322 | [32m[✓] Installed: python3-pip[0m
2025-07-13 17:18:12.477213 | [32m[✓] Installed: apache2[0m
2025-07-13 17:18:19.604093 | [32m[✓] Installed: nginx[0m
2025-07-13 17:18:36.413364 | [32m[✓] Installed: fail2ban[0m
